<?xml version="1.0" encoding="UTF-8"?>
<!-- Generated by org.testng.reporters.JUnitXMLReporter -->
<testsuite ignored="0" hostname="DESKTOP-RJ1DFVS" failures="0" tests="3" name="Default test" time="13.788" errors="0" timestamp="2022-02-17T16:47:56 IST">
  <testcase classname="testNGExample.AmazonTest" name="verifyAppTitleBeforeSearch" time="0.283"/>
  <testcase classname="testNGExample.AmazonTest" name="searchItems" time="2.489"/>
  <testcase classname="testNGExample.AmazonTest" name="verifyAppTitle" time="0.069"/>
</testsuite> <!-- Default test -->
