<?xml version="1.0" encoding="UTF-8"?>
<!-- Generated by org.testng.reporters.JUnitXMLReporter -->
<testsuite ignored="0" hostname="DESKTOP-RJ1DFVS" failures="0" tests="3" name="ChromeTest" time="20.543" errors="0" timestamp="2022-02-03T13:50:30 IST">
  <testcase classname="crossbrowserTesting.LoginExample" name="verifyLogin" time="4.79"/>
  <testcase classname="crossbrowserTesting.LoginExample" name="verifyDashboard" time="0.042"/>
  <testcase classname="crossbrowserTesting.LoginExample" name="verifyLogout" time="8.017"/>
</testsuite> <!-- ChromeTest -->
