<?xml version="1.0" encoding="UTF-8"?>
<!-- Generated by org.testng.reporters.JUnitXMLReporter -->
<testsuite ignored="0" hostname="DESKTOP-RJ1DFVS" failures="0" tests="3" name="EdgeTest" time="22.388" errors="0" timestamp="2022-02-03T13:50:53 IST">
  <testcase classname="crossbrowserTesting.LoginExample" name="verifyLogin" time="5.907"/>
  <testcase classname="crossbrowserTesting.LoginExample" name="verifyDashboard" time="0.025"/>
  <testcase classname="crossbrowserTesting.LoginExample" name="verifyLogout" time="8.081"/>
</testsuite> <!-- EdgeTest -->
