<?xml version="1.0" encoding="UTF-8"?>
<testng-results ignored="0" total="3" passed="3" failed="0" skipped="0">
  <reporter-output>
  </reporter-output>
  <suite started-at="2022-02-17T16:47:42 IST" name="Default suite" finished-at="2022-02-17T16:47:56 IST" duration-ms="13788">
    <groups>
    </groups>
    <test started-at="2022-02-17T16:47:42 IST" name="Default test" finished-at="2022-02-17T16:47:56 IST" duration-ms="13788">
      <class name="testNGExample.AmazonTest">
        <test-method is-config="true" signature="launchApp()[pri:0, instance:testNGExample.AmazonTest@7e7be63f]" started-at="2022-02-17T16:47:42 IST" name="launchApp" finished-at="2022-02-17T16:47:53 IST" duration-ms="10687" status="PASS">
          <reporter-output>
          </reporter-output>
        </test-method> <!-- launchApp -->
        <test-method signature="verifyAppTitleBeforeSearch()[pri:0, instance:testNGExample.AmazonTest@7e7be63f]" started-at="2022-02-17T16:47:53 IST" name="verifyAppTitleBeforeSearch" finished-at="2022-02-17T16:47:53 IST" duration-ms="283" status="PASS">
          <reporter-output>
          </reporter-output>
        </test-method> <!-- verifyAppTitleBeforeSearch -->
        <test-method signature="searchItems()[pri:1, instance:testNGExample.AmazonTest@7e7be63f]" started-at="2022-02-17T16:47:53 IST" name="searchItems" finished-at="2022-02-17T16:47:56 IST" duration-ms="2489" status="PASS">
          <reporter-output>
          </reporter-output>
        </test-method> <!-- searchItems -->
        <test-method signature="verifyAppTitle()[pri:2, instance:testNGExample.AmazonTest@7e7be63f]" started-at="2022-02-17T16:47:56 IST" name="verifyAppTitle" finished-at="2022-02-17T16:47:56 IST" duration-ms="69" status="PASS">
          <reporter-output>
          </reporter-output>
        </test-method> <!-- verifyAppTitle -->
        <test-method is-config="true" signature="closeApp()[pri:0, instance:testNGExample.AmazonTest@7e7be63f]" started-at="2022-02-17T16:47:56 IST" name="closeApp" finished-at="2022-02-17T16:47:56 IST" duration-ms="186" status="PASS">
          <reporter-output>
          </reporter-output>
        </test-method> <!-- closeApp -->
      </class> <!-- testNGExample.AmazonTest -->
    </test> <!-- Default test -->
  </suite> <!-- Default suite -->
</testng-results>
